
[2023-10-21 03:06:18.922 PM] fatal: wrong eviroment can't be "cualquiercosa"  
[2023-10-21 03:18:18.685 PM] fatal: este es el logger fatal 
[2023-10-21 03:18:18.689 PM] error: este es el logger error 
[2023-10-21 03:18:44.874 PM] fatal: este es el logger fatal 
[2023-10-21 03:18:44.876 PM] error: este es el logger error 
[2023-10-24 03:44:19.271 PM] error: passport is not defined 
[2023-10-24 03:53:43.284 PM] error: Cannot set headers after they are sent to the client 
[2023-10-24 03:56:30.095 PM] error: logger is not defined 
[2023-10-25 10:11:26.490 PM] error: No se pudo enviar el mail 
[2023-10-25 10:11:47.973 PM] error: Invalid status code: enviando mail a: 
[2023-10-25 10:12:22.608 PM] error: Invalid status code: enviando mail a: 
[2023-10-26 09:59:23.835 AM] error: Invalid status code: enviando mail a: 
[2023-10-26 11:10:28.482 AM] error: Cast to ObjectId failed for value "asdasdasdasddasasdasdasd@gmail.com" (type string) at path "_id" for model "users" 
[2023-10-26 11:14:03.314 AM] error: boolean is not defined 
[2023-10-26 01:01:03.416 PM] error: No se pudo cambiar el password 
[2023-10-26 01:01:37.199 PM] error: No se pudo cambiar el password 
[2023-10-26 01:02:19.751 PM] error: No se pudo cambiar el password 
[2023-10-26 01:03:01.351 PM] error: No se pudo cambiar el password 
[2023-10-26 01:03:55.170 PM] error: No se pudo cambiar el password 
[2023-10-26 07:49:22.955 PM] error: Cannot read properties of undefined (reading 'role') 
[2023-10-26 07:53:54.689 PM] error: Cannot read properties of undefined (reading 'role') 
